::1 - - [03/Apr/2024:03:14:12 +0000] "GET /api/v1/users/ HTTP/1.1" 403 43 "-" "PostmanRuntime/7.37.0"
::1 - - [03/Apr/2024:03:14:33 +0000] "GET /api/v1/users/ HTTP/1.1" 403 43 "-" "PostmanRuntime/7.37.0"
::1 - - [03/Apr/2024:03:15:04 +0000] "GET /api/v1/users/ HTTP/1.1" 403 43 "-" "PostmanRuntime/7.37.0"
::1 - - [03/Apr/2024:03:22:06 +0000] "GET /api/v1/users/ HTTP/1.1" 403 38 "-" "PostmanRuntime/7.37.0"
::1 - - [03/Apr/2024:03:22:58 +0000] "GET /api/v1/users/ HTTP/1.1" 403 43 "-" "PostmanRuntime/7.37.0"
::1 - - [03/Apr/2024:03:24:18 +0000] "GET /api/v1/users/ HTTP/1.1" 403 43 "-" "PostmanRuntime/7.37.0"
::1 - - [03/Apr/2024:03:35:48 +0000] "GET /api/v1/users/ HTTP/1.1" 403 43 "-" "PostmanRuntime/7.37.0"
::1 - - [03/Apr/2024:03:36:18 +0000] "GET /api/v1/users/ HTTP/1.1" 403 43 "-" "PostmanRuntime/7.37.0"
::1 - - [03/Apr/2024:03:51:46 +0000] "GET /api/v1/users/ HTTP/1.1" 403 43 "-" "PostmanRuntime/7.37.0"
::1 - - [03/Apr/2024:03:51:59 +0000] "GET /api/v1/users/ HTTP/1.1" 403 43 "-" "PostmanRuntime/7.37.0"
::1 - - [03/Apr/2024:03:53:21 +0000] "GET /api/v1/users/ HTTP/1.1" 403 43 "-" "PostmanRuntime/7.37.0"
::1 - - [03/Apr/2024:03:54:22 +0000] "GET /api/v1/users/ HTTP/1.1" 403 38 "-" "PostmanRuntime/7.37.0"
::1 - - [03/Apr/2024:03:56:16 +0000] "GET /api/v1/auth/logout HTTP/1.1" 200 32 "-" "PostmanRuntime/7.37.0"
::1 - - [03/Apr/2024:03:56:20 +0000] "GET /api/v1/users/show-user HTTP/1.1" 401 26 "-" "PostmanRuntime/7.37.0"
::1 - - [03/Apr/2024:03:56:22 +0000] "GET /api/v1/users/show-user HTTP/1.1" 401 26 "-" "PostmanRuntime/7.37.0"
::ffff:127.0.0.1 - - [04/Apr/2024:13:05:11 +0000] "GET / HTTP/1.1" 200 1198 "-" "Mozilla/5.0 (X11; Linux x86_64; rv:109.0) Gecko/20100101 Firefox/115.0"
::ffff:127.0.0.1 - - [04/Apr/2024:13:05:11 +0000] "GET /normalize.css HTTP/1.1" 200 6142 "http://localhost:5000/" "Mozilla/5.0 (X11; Linux x86_64; rv:109.0) Gecko/20100101 Firefox/115.0"
::ffff:127.0.0.1 - - [04/Apr/2024:13:05:11 +0000] "GET /main.css HTTP/1.1" 200 4793 "http://localhost:5000/" "Mozilla/5.0 (X11; Linux x86_64; rv:109.0) Gecko/20100101 Firefox/115.0"
::ffff:127.0.0.1 - - [04/Apr/2024:13:05:11 +0000] "GET /browser-app.js HTTP/1.1" 200 1503 "http://localhost:5000/" "Mozilla/5.0 (X11; Linux x86_64; rv:109.0) Gecko/20100101 Firefox/115.0"
::ffff:127.0.0.1 - - [04/Apr/2024:13:05:11 +0000] "GET /favicon.ico HTTP/1.1" 404 20 "http://localhost:5000/" "Mozilla/5.0 (X11; Linux x86_64; rv:109.0) Gecko/20100101 Firefox/115.0"
::ffff:127.0.0.1 - - [04/Apr/2024:13:05:25 +0000] "GET /uploads/ HTTP/1.1" 404 20 "-" "Mozilla/5.0 (X11; Linux x86_64; rv:109.0) Gecko/20100101 Firefox/115.0"
::ffff:127.0.0.1 - - [04/Apr/2024:13:05:35 +0000] "GET /uploads/example.jpeg HTTP/1.1" 200 105364 "-" "Mozilla/5.0 (X11; Linux x86_64; rv:109.0) Gecko/20100101 Firefox/115.0"
::ffff:127.0.0.1 - - [04/Apr/2024:13:05:43 +0000] "GET /uploads/kangaroo.jpeg HTTP/1.1" 200 40838 "-" "Mozilla/5.0 (X11; Linux x86_64; rv:109.0) Gecko/20100101 Firefox/115.0"
::1 - - [04/Apr/2024:13:06:57 +0000] "POST /api/v1/auth/login HTTP/1.1" 200 30 "-" "PostmanRuntime/7.37.0"
::1 - - [04/Apr/2024:13:07:11 +0000] "POST /api/v1/products/ HTTP/1.1" 201 798 "-" "PostmanRuntime/7.37.0"
::ffff:127.0.0.1 - - [04/Apr/2024:13:07:30 +0000] "GET /uploads/example.jpeg HTTP/1.1" 304 - "-" "Mozilla/5.0 (X11; Linux x86_64; rv:109.0) Gecko/20100101 Firefox/115.0"
::1 - - [04/Apr/2024:13:27:30 +0000] "POST /api/v1/products/upload-image HTTP/1.1" 200 44 "-" "PostmanRuntime/7.37.0"
::1 - - [04/Apr/2024:14:05:06 +0000] "POST /api/v1/auth/login HTTP/1.1" 200 30 "-" "PostmanRuntime/7.37.0"
::1 - - [04/Apr/2024:14:05:09 +0000] "GET /api/v1/reviews/ HTTP/1.1" 200 856 "-" "PostmanRuntime/7.37.0"
::1 - - [04/Apr/2024:14:05:33 +0000] "GET /api/v1/products/ HTTP/1.1" 200 824 "-" "PostmanRuntime/7.37.0"
::1 - - [04/Apr/2024:14:06:35 +0000] "GET /api/v1/reviews/ HTTP/1.1" 200 856 "-" "PostmanRuntime/7.37.0"
::1 - - [04/Apr/2024:14:06:45 +0000] "GET /api/v1/reviews/ HTTP/1.1" 200 24 "-" "PostmanRuntime/7.37.0"
::1 - - [04/Apr/2024:14:07:18 +0000] "GET /api/v1/products/ HTTP/1.1" 200 824 "-" "PostmanRuntime/7.37.0"
::1 - - [04/Apr/2024:14:07:51 +0000] "POST /api/v1/reviews/ HTTP/1.1" 201 315 "-" "PostmanRuntime/7.37.0"
::1 - - [04/Apr/2024:14:08:20 +0000] "POST /api/v1/reviews/ HTTP/1.1" 400 82 "-" "PostmanRuntime/7.37.0"
::1 - - [04/Apr/2024:14:09:00 +0000] "POST /api/v1/reviews/ HTTP/1.1" 400 89 "-" "PostmanRuntime/7.37.0"
::1 - - [04/Apr/2024:14:15:43 +0000] "GET /api/v1/reviews/ HTTP/1.1" 200 833 "-" "PostmanRuntime/7.37.0"
::1 - - [04/Apr/2024:14:20:06 +0000] "POST /api/v1/auth/login HTTP/1.1" 200 30 "-" "PostmanRuntime/7.37.0"
::1 - - [04/Apr/2024:14:20:18 +0000] "GET /api/v1/products/ HTTP/1.1" 200 965 "-" "PostmanRuntime/7.37.0"
::1 - - [04/Apr/2024:14:21:01 +0000] "GET /api/v1/reviews/ HTTP/1.1" 200 833 "-" "PostmanRuntime/7.37.0"
::1 - - [04/Apr/2024:14:22:01 +0000] "POST /api/v1/reviews/ HTTP/1.1" 201 308 "-" "PostmanRuntime/7.37.0"
::1 - - [04/Apr/2024:14:22:06 +0000] "GET /api/v1/reviews/ HTTP/1.1" 200 1636 "-" "PostmanRuntime/7.37.0"
::1 - - [04/Apr/2024:14:22:45 +0000] "GET /api/v1/reviews/660eb4366eed325493bc700f HTTP/1.1" 200 275 "-" "PostmanRuntime/7.37.0"
::1 - - [04/Apr/2024:14:23:07 +0000] "GET /api/v1/reviews/660eb7891b5b0fa9149acde7 HTTP/1.1" 200 268 "-" "PostmanRuntime/7.37.0"
::1 - - [04/Apr/2024:14:50:56 +0000] "GET /api/v1/reviews/ HTTP/1.1" 200 1636 "-" "PostmanRuntime/7.37.0"
::1 - - [04/Apr/2024:14:51:01 +0000] "GET /api/v1/users/show-user HTTP/1.1" 200 141 "-" "PostmanRuntime/7.37.0"
::1 - - [04/Apr/2024:14:51:12 +0000] "GET /api/v1/reviews/ HTTP/1.1" 200 1636 "-" "PostmanRuntime/7.37.0"
::1 - - [04/Apr/2024:14:51:31 +0000] "GET /api/v1/reviews/660eb4366eed325493bc700f HTTP/1.1" 200 275 "-" "PostmanRuntime/7.37.0"
::1 - - [04/Apr/2024:14:51:37 +0000] "DELETE /api/v1/reviews/66030d7b87cbe19412e7ae24 HTTP/1.1" 400 53 "-" "PostmanRuntime/7.37.0"
::1 - - [04/Apr/2024:14:51:42 +0000] "DELETE /api/v1/reviews/660eb4366eed325493bc700f HTTP/1.1" 403 23 "-" "PostmanRuntime/7.37.0"
::1 - - [04/Apr/2024:14:52:44 +0000] "GET /api/v1/reviews/ HTTP/1.1" 200 1636 "-" "PostmanRuntime/7.37.0"
::1 - - [04/Apr/2024:14:52:55 +0000] "DELETE /api/v1/reviews/660eb7891b5b0fa9149acde7 HTTP/1.1" 200 28 "-" "PostmanRuntime/7.37.0"
