::1 - - [03/Apr/2024:03:14:12 +0000] "GET /api/v1/users/ HTTP/1.1" 403 43 "-" "PostmanRuntime/7.37.0"
::1 - - [03/Apr/2024:03:14:33 +0000] "GET /api/v1/users/ HTTP/1.1" 403 43 "-" "PostmanRuntime/7.37.0"
::1 - - [03/Apr/2024:03:15:04 +0000] "GET /api/v1/users/ HTTP/1.1" 403 43 "-" "PostmanRuntime/7.37.0"
::1 - - [03/Apr/2024:03:22:06 +0000] "GET /api/v1/users/ HTTP/1.1" 403 38 "-" "PostmanRuntime/7.37.0"
::1 - - [03/Apr/2024:03:22:58 +0000] "GET /api/v1/users/ HTTP/1.1" 403 43 "-" "PostmanRuntime/7.37.0"
::1 - - [03/Apr/2024:03:24:18 +0000] "GET /api/v1/users/ HTTP/1.1" 403 43 "-" "PostmanRuntime/7.37.0"
::1 - - [03/Apr/2024:03:35:48 +0000] "GET /api/v1/users/ HTTP/1.1" 403 43 "-" "PostmanRuntime/7.37.0"
::1 - - [03/Apr/2024:03:36:18 +0000] "GET /api/v1/users/ HTTP/1.1" 403 43 "-" "PostmanRuntime/7.37.0"
::1 - - [03/Apr/2024:03:51:46 +0000] "GET /api/v1/users/ HTTP/1.1" 403 43 "-" "PostmanRuntime/7.37.0"
::1 - - [03/Apr/2024:03:51:59 +0000] "GET /api/v1/users/ HTTP/1.1" 403 43 "-" "PostmanRuntime/7.37.0"
::1 - - [03/Apr/2024:03:53:21 +0000] "GET /api/v1/users/ HTTP/1.1" 403 43 "-" "PostmanRuntime/7.37.0"
::1 - - [03/Apr/2024:03:54:22 +0000] "GET /api/v1/users/ HTTP/1.1" 403 38 "-" "PostmanRuntime/7.37.0"
::1 - - [03/Apr/2024:03:56:16 +0000] "GET /api/v1/auth/logout HTTP/1.1" 200 32 "-" "PostmanRuntime/7.37.0"
::1 - - [03/Apr/2024:03:56:20 +0000] "GET /api/v1/users/show-user HTTP/1.1" 401 26 "-" "PostmanRuntime/7.37.0"
::1 - - [03/Apr/2024:03:56:22 +0000] "GET /api/v1/users/show-user HTTP/1.1" 401 26 "-" "PostmanRuntime/7.37.0"
::ffff:127.0.0.1 - - [04/Apr/2024:13:05:11 +0000] "GET / HTTP/1.1" 200 1198 "-" "Mozilla/5.0 (X11; Linux x86_64; rv:109.0) Gecko/20100101 Firefox/115.0"
::ffff:127.0.0.1 - - [04/Apr/2024:13:05:11 +0000] "GET /normalize.css HTTP/1.1" 200 6142 "http://localhost:5000/" "Mozilla/5.0 (X11; Linux x86_64; rv:109.0) Gecko/20100101 Firefox/115.0"
::ffff:127.0.0.1 - - [04/Apr/2024:13:05:11 +0000] "GET /main.css HTTP/1.1" 200 4793 "http://localhost:5000/" "Mozilla/5.0 (X11; Linux x86_64; rv:109.0) Gecko/20100101 Firefox/115.0"
::ffff:127.0.0.1 - - [04/Apr/2024:13:05:11 +0000] "GET /browser-app.js HTTP/1.1" 200 1503 "http://localhost:5000/" "Mozilla/5.0 (X11; Linux x86_64; rv:109.0) Gecko/20100101 Firefox/115.0"
::ffff:127.0.0.1 - - [04/Apr/2024:13:05:11 +0000] "GET /favicon.ico HTTP/1.1" 404 20 "http://localhost:5000/" "Mozilla/5.0 (X11; Linux x86_64; rv:109.0) Gecko/20100101 Firefox/115.0"
::ffff:127.0.0.1 - - [04/Apr/2024:13:05:25 +0000] "GET /uploads/ HTTP/1.1" 404 20 "-" "Mozilla/5.0 (X11; Linux x86_64; rv:109.0) Gecko/20100101 Firefox/115.0"
::ffff:127.0.0.1 - - [04/Apr/2024:13:05:35 +0000] "GET /uploads/example.jpeg HTTP/1.1" 200 105364 "-" "Mozilla/5.0 (X11; Linux x86_64; rv:109.0) Gecko/20100101 Firefox/115.0"
::ffff:127.0.0.1 - - [04/Apr/2024:13:05:43 +0000] "GET /uploads/kangaroo.jpeg HTTP/1.1" 200 40838 "-" "Mozilla/5.0 (X11; Linux x86_64; rv:109.0) Gecko/20100101 Firefox/115.0"
::1 - - [04/Apr/2024:13:06:57 +0000] "POST /api/v1/auth/login HTTP/1.1" 200 30 "-" "PostmanRuntime/7.37.0"
::1 - - [04/Apr/2024:13:07:11 +0000] "POST /api/v1/products/ HTTP/1.1" 201 798 "-" "PostmanRuntime/7.37.0"
::ffff:127.0.0.1 - - [04/Apr/2024:13:07:30 +0000] "GET /uploads/example.jpeg HTTP/1.1" 304 - "-" "Mozilla/5.0 (X11; Linux x86_64; rv:109.0) Gecko/20100101 Firefox/115.0"
::1 - - [04/Apr/2024:13:27:30 +0000] "POST /api/v1/products/upload-image HTTP/1.1" 200 44 "-" "PostmanRuntime/7.37.0"
::1 - - [04/Apr/2024:14:05:06 +0000] "POST /api/v1/auth/login HTTP/1.1" 200 30 "-" "PostmanRuntime/7.37.0"
::1 - - [04/Apr/2024:14:05:09 +0000] "GET /api/v1/reviews/ HTTP/1.1" 200 856 "-" "PostmanRuntime/7.37.0"
::1 - - [04/Apr/2024:14:05:33 +0000] "GET /api/v1/products/ HTTP/1.1" 200 824 "-" "PostmanRuntime/7.37.0"
::1 - - [04/Apr/2024:14:06:35 +0000] "GET /api/v1/reviews/ HTTP/1.1" 200 856 "-" "PostmanRuntime/7.37.0"
::1 - - [04/Apr/2024:14:06:45 +0000] "GET /api/v1/reviews/ HTTP/1.1" 200 24 "-" "PostmanRuntime/7.37.0"
::1 - - [04/Apr/2024:14:07:18 +0000] "GET /api/v1/products/ HTTP/1.1" 200 824 "-" "PostmanRuntime/7.37.0"
::1 - - [04/Apr/2024:14:07:51 +0000] "POST /api/v1/reviews/ HTTP/1.1" 201 315 "-" "PostmanRuntime/7.37.0"
::1 - - [04/Apr/2024:14:08:20 +0000] "POST /api/v1/reviews/ HTTP/1.1" 400 82 "-" "PostmanRuntime/7.37.0"
::1 - - [04/Apr/2024:14:09:00 +0000] "POST /api/v1/reviews/ HTTP/1.1" 400 89 "-" "PostmanRuntime/7.37.0"
::1 - - [04/Apr/2024:14:15:43 +0000] "GET /api/v1/reviews/ HTTP/1.1" 200 833 "-" "PostmanRuntime/7.37.0"
::1 - - [04/Apr/2024:14:20:06 +0000] "POST /api/v1/auth/login HTTP/1.1" 200 30 "-" "PostmanRuntime/7.37.0"
::1 - - [04/Apr/2024:14:20:18 +0000] "GET /api/v1/products/ HTTP/1.1" 200 965 "-" "PostmanRuntime/7.37.0"
::1 - - [04/Apr/2024:14:21:01 +0000] "GET /api/v1/reviews/ HTTP/1.1" 200 833 "-" "PostmanRuntime/7.37.0"
::1 - - [04/Apr/2024:14:22:01 +0000] "POST /api/v1/reviews/ HTTP/1.1" 201 308 "-" "PostmanRuntime/7.37.0"
::1 - - [04/Apr/2024:14:22:06 +0000] "GET /api/v1/reviews/ HTTP/1.1" 200 1636 "-" "PostmanRuntime/7.37.0"
::1 - - [04/Apr/2024:14:22:45 +0000] "GET /api/v1/reviews/660eb4366eed325493bc700f HTTP/1.1" 200 275 "-" "PostmanRuntime/7.37.0"
::1 - - [04/Apr/2024:14:23:07 +0000] "GET /api/v1/reviews/660eb7891b5b0fa9149acde7 HTTP/1.1" 200 268 "-" "PostmanRuntime/7.37.0"
::1 - - [04/Apr/2024:14:50:56 +0000] "GET /api/v1/reviews/ HTTP/1.1" 200 1636 "-" "PostmanRuntime/7.37.0"
::1 - - [04/Apr/2024:14:51:01 +0000] "GET /api/v1/users/show-user HTTP/1.1" 200 141 "-" "PostmanRuntime/7.37.0"
::1 - - [04/Apr/2024:14:51:12 +0000] "GET /api/v1/reviews/ HTTP/1.1" 200 1636 "-" "PostmanRuntime/7.37.0"
::1 - - [04/Apr/2024:14:51:31 +0000] "GET /api/v1/reviews/660eb4366eed325493bc700f HTTP/1.1" 200 275 "-" "PostmanRuntime/7.37.0"
::1 - - [04/Apr/2024:14:51:37 +0000] "DELETE /api/v1/reviews/66030d7b87cbe19412e7ae24 HTTP/1.1" 400 53 "-" "PostmanRuntime/7.37.0"
::1 - - [04/Apr/2024:14:51:42 +0000] "DELETE /api/v1/reviews/660eb4366eed325493bc700f HTTP/1.1" 403 23 "-" "PostmanRuntime/7.37.0"
::1 - - [04/Apr/2024:14:52:44 +0000] "GET /api/v1/reviews/ HTTP/1.1" 200 1636 "-" "PostmanRuntime/7.37.0"
::1 - - [04/Apr/2024:14:52:55 +0000] "DELETE /api/v1/reviews/660eb7891b5b0fa9149acde7 HTTP/1.1" 200 28 "-" "PostmanRuntime/7.37.0"
::1 - - [05/Apr/2024:21:32:00 +0000] "POST /api/v1/auth/login HTTP/1.1" 200 30 "-" "PostmanRuntime/7.37.3"
::1 - - [05/Apr/2024:21:32:15 +0000] "GET /api/v1/reviews/ HTTP/1.1" 200 833 "-" "PostmanRuntime/7.37.3"
::1 - - [05/Apr/2024:21:32:29 +0000] "POST /api/v1/reviews/ HTTP/1.1" 201 308 "-" "PostmanRuntime/7.37.3"
::1 - - [05/Apr/2024:21:32:50 +0000] "PATCH /api/v1/reviews/66030db2491d9c653685d16f HTTP/1.1" 404 24 "-" "PostmanRuntime/7.37.3"
::1 - - [05/Apr/2024:21:33:28 +0000] "PATCH /api/v1/reviews/66106dedfa76ee1adf3cfd5d HTTP/1.1" 200 326 "-" "PostmanRuntime/7.37.3"
::1 - - [05/Apr/2024:21:34:43 +0000] "POST /api/v1/auth/login HTTP/1.1" 200 30 "-" "PostmanRuntime/7.37.3"
::1 - - [05/Apr/2024:21:34:48 +0000] "GET /api/v1/reviews/ HTTP/1.1" 200 1655 "-" "PostmanRuntime/7.37.3"
::1 - - [05/Apr/2024:21:35:25 +0000] "PATCH /api/v1/reviews/660eb4366eed325493bc700f HTTP/1.1" 200 327 "-" "PostmanRuntime/7.37.3"
::1 - - [05/Apr/2024:21:35:32 +0000] "GET /api/v1/reviews/ HTTP/1.1" 200 1668 "-" "PostmanRuntime/7.37.3"
::1 - - [05/Apr/2024:21:36:04 +0000] "PATCH /api/v1/reviews/66106dedfa76ee1adf3cfd5d HTTP/1.1" 200 336 "-" "PostmanRuntime/7.37.3"
::1 - - [05/Apr/2024:21:36:10 +0000] "GET /api/v1/reviews/ HTTP/1.1" 200 1678 "-" "PostmanRuntime/7.37.3"
::1 - - [06/Apr/2024:13:40:54 +0000] "GET /api/v1/reviews/660eb4366eed325493bc700f HTTP/1.1" 200 288 "-" "PostmanRuntime/7.37.3"
::1 - - [06/Apr/2024:13:42:15 +0000] "GET /api/v1/reviews/660eb4366eed325493bc700f HTTP/1.1" 200 288 "-" "PostmanRuntime/7.37.3"
::1 - - [06/Apr/2024:13:42:20 +0000] "GET /api/v1/reviews/ HTTP/1.1" 200 1678 "-" "PostmanRuntime/7.37.3"
::1 - - [06/Apr/2024:13:43:19 +0000] "GET /api/v1/reviews/660eb4366eed325493bc700f HTTP/1.1" 200 833 "-" "PostmanRuntime/7.37.3"
::1 - - [06/Apr/2024:13:43:49 +0000] "GET /api/v1/reviews/660eb4366eed325493bc700f HTTP/1.1" 200 833 "-" "PostmanRuntime/7.37.3"
::1 - - [06/Apr/2024:13:43:54 +0000] "GET /api/v1/reviews/ HTTP/1.1" 200 1678 "-" "PostmanRuntime/7.37.3"
::1 - - [06/Apr/2024:13:54:17 +0000] "GET /api/v1/reviews/ HTTP/1.1" 200 1678 "-" "PostmanRuntime/7.37.3"
::1 - - [06/Apr/2024:13:56:52 +0000] "GET /api/v1/reviews/ HTTP/1.1" 200 1678 "-" "PostmanRuntime/7.37.3"
::1 - - [06/Apr/2024:13:56:55 +0000] "GET /api/v1/reviews/ HTTP/1.1" 200 1678 "-" "PostmanRuntime/7.37.3"
::1 - - [06/Apr/2024:13:56:56 +0000] "GET /api/v1/reviews/ HTTP/1.1" 200 1678 "-" "PostmanRuntime/7.37.3"
::1 - - [06/Apr/2024:13:57:07 +0000] "GET /api/v1/reviews/ HTTP/1.1" 200 1678 "-" "PostmanRuntime/7.37.3"
::1 - - [06/Apr/2024:14:00:00 +0000] "GET /api/v1/products/ HTTP/1.1" 200 1142 "-" "PostmanRuntime/7.37.3"
::1 - - [06/Apr/2024:14:01:28 +0000] "GET /api/v1/products/ HTTP/1.1" 200 1388 "-" "PostmanRuntime/7.37.3"
::1 - - [06/Apr/2024:14:01:57 +0000] "GET /api/v1/products/ HTTP/1.1" 200 1216 "-" "PostmanRuntime/7.37.3"
::1 - - [06/Apr/2024:14:02:51 +0000] "GET /api/v1/products/ HTTP/1.1" 200 1142 "-" "PostmanRuntime/7.37.3"
::1 - - [08/Apr/2024:09:50:24 +0000] "POST /api/v1/auth/login HTTP/1.1" 200 30 "-" "PostmanRuntime/7.37.3"
::1 - - [08/Apr/2024:09:50:33 +0000] "GET /api/v1/products/ HTTP/1.1" 200 1142 "-" "PostmanRuntime/7.37.3"
::1 - - [08/Apr/2024:10:08:18 +0000] "GET /api/v1/products/ HTTP/1.1" 200 1142 "-" "PostmanRuntime/7.37.3"
::1 - - [08/Apr/2024:10:08:29 +0000] "GET /api/v1/products/ HTTP/1.1" 200 1142 "-" "PostmanRuntime/7.37.3"
::1 - - [08/Apr/2024:10:18:58 +0000] "GET /api/v1/products/ HTTP/1.1" 200 823 "-" "PostmanRuntime/7.37.3"
::1 - - [08/Apr/2024:10:19:51 +0000] "GET /api/v1/products/ HTTP/1.1" 200 823 "-" "PostmanRuntime/7.37.3"
::1 - - [08/Apr/2024:10:19:53 +0000] "GET /api/v1/products/ HTTP/1.1" 200 1142 "-" "PostmanRuntime/7.37.3"
::1 - - [08/Apr/2024:10:20:14 +0000] "GET /api/v1/products/ HTTP/1.1" 200 823 "-" "PostmanRuntime/7.37.3"
::1 - - [08/Apr/2024:10:20:38 +0000] "GET /api/v1/products/ HTTP/1.1" 200 1142 "-" "PostmanRuntime/7.37.3"
::1 - - [08/Apr/2024:10:21:07 +0000] "GET /api/v1/products/ HTTP/1.1" 200 1142 "-" "PostmanRuntime/7.37.3"
::1 - - [08/Apr/2024:10:21:09 +0000] "GET /api/v1/products/ HTTP/1.1" 200 1142 "-" "PostmanRuntime/7.37.3"
::1 - - [08/Apr/2024:10:21:10 +0000] "GET /api/v1/products/ HTTP/1.1" 200 1142 "-" "PostmanRuntime/7.37.3"
::1 - - [08/Apr/2024:10:21:11 +0000] "GET /api/v1/products/ HTTP/1.1" 200 1142 "-" "PostmanRuntime/7.37.3"
::1 - - [08/Apr/2024:10:24:51 +0000] "GET /api/v1/products/62bd52a51313f7854316cc54/reviews HTTP/1.1" 200 24 "-" "PostmanRuntime/7.37.3"
::1 - - [08/Apr/2024:10:24:59 +0000] "GET /api/v1/products/62bd52a51313f7854316cc54 HTTP/1.1" 404 60 "-" "PostmanRuntime/7.37.3"
::1 - - [08/Apr/2024:10:25:03 +0000] "GET /api/v1/products/ HTTP/1.1" 200 1142 "-" "PostmanRuntime/7.37.3"
::1 - - [08/Apr/2024:10:25:13 +0000] "GET /api/v1/products/660ea5ff6d6d34f48e3dbfa5 HTTP/1.1" 200 1129 "-" "PostmanRuntime/7.37.3"
::1 - - [08/Apr/2024:10:30:51 +0000] "GET /api/v1/products/660ea5ff6d6d34f48e3dbfa5 HTTP/1.1" 200 1146 "-" "PostmanRuntime/7.37.3"
::1 - - [08/Apr/2024:10:31:28 +0000] "GET /api/v1/products/ HTTP/1.1" 200 1142 "-" "PostmanRuntime/7.37.3"
::1 - - [08/Apr/2024:10:32:19 +0000] "GET /api/v1/products/ HTTP/1.1" 200 1142 "-" "PostmanRuntime/7.37.3"
::1 - - [08/Apr/2024:10:32:24 +0000] "GET /api/v1/products/660ea5ff6d6d34f48e3dbfa5 HTTP/1.1" 200 1146 "-" "PostmanRuntime/7.37.3"
::1 - - [08/Apr/2024:10:38:45 +0000] "GET /api/v1/products/660ea5ff6d6d34f48e3dbfa5 HTTP/1.1" 200 1114 "-" "PostmanRuntime/7.37.3"
::1 - - [08/Apr/2024:10:39:00 +0000] "GET /api/v1/products/660ea5ff6d6d34f48e3dbfa5 HTTP/1.1" 200 1114 "-" "PostmanRuntime/7.37.3"
::1 - - [08/Apr/2024:10:39:06 +0000] "GET /api/v1/products/660ea5ff6d6d34f48e3dbfa5 HTTP/1.1" 200 1146 "-" "PostmanRuntime/7.37.3"
::1 - - [08/Apr/2024:10:39:18 +0000] "GET /api/v1/products/ HTTP/1.1" 200 1142 "-" "PostmanRuntime/7.37.3"
::1 - - [08/Apr/2024:10:39:39 +0000] "GET /api/v1/products/ HTTP/1.1" 200 1142 "-" "PostmanRuntime/7.37.3"
::1 - - [08/Apr/2024:10:39:44 +0000] "GET /api/v1/products/ HTTP/1.1" 200 1110 "-" "PostmanRuntime/7.37.3"
::1 - - [08/Apr/2024:10:40:13 +0000] "GET /api/v1/products/ HTTP/1.1" 200 1142 "-" "PostmanRuntime/7.37.3"
::1 - - [08/Apr/2024:10:41:04 +0000] "GET /api/v1/products/660ea5ff6d6d34f48e3dbfa5 HTTP/1.1" 200 1114 "-" "PostmanRuntime/7.37.3"
::1 - - [08/Apr/2024:10:41:20 +0000] "GET /api/v1/products/660ea5ff6d6d34f48e3dbfa5 HTTP/1.1" 200 1146 "-" "PostmanRuntime/7.37.3"
::1 - - [08/Apr/2024:11:07:52 +0000] "GET /api/v1/products/660ea5ff6d6d34f48e3dbfa5 HTTP/1.1" 200 1114 "-" "PostmanRuntime/7.37.3"
::1 - - [08/Apr/2024:11:08:27 +0000] "GET /api/v1/products/660ea5ff6d6d34f48e3dbfa5 HTTP/1.1" 200 1097 "-" "PostmanRuntime/7.37.3"
::1 - - [08/Apr/2024:11:08:44 +0000] "GET /api/v1/products/660ea5ff6d6d34f48e3dbfa5 HTTP/1.1" 200 1114 "-" "PostmanRuntime/7.37.3"
::1 - - [08/Apr/2024:11:14:10 +0000] "GET /api/v1/products/660ea5ff6d6d34f48e3dbfa5 HTTP/1.1" 500 133 "-" "PostmanRuntime/7.37.3"
::1 - - [08/Apr/2024:11:14:51 +0000] "GET /api/v1/products/660ea5ff6d6d34f48e3dbfa5 HTTP/1.1" 200 778 "-" "PostmanRuntime/7.37.3"
::1 - - [08/Apr/2024:11:15:29 +0000] "GET /api/v1/products/660ea5ff6d6d34f48e3dbfa5 HTTP/1.1" 500 133 "-" "PostmanRuntime/7.37.3"
::1 - - [08/Apr/2024:11:15:51 +0000] "GET /api/v1/products/660ea5ff6d6d34f48e3dbfa5 HTTP/1.1" 200 795 "-" "PostmanRuntime/7.37.3"
::1 - - [08/Apr/2024:11:16:17 +0000] "GET /api/v1/products/660ea5ff6d6d34f48e3dbfa5 HTTP/1.1" 200 795 "-" "PostmanRuntime/7.37.3"
::1 - - [08/Apr/2024:11:16:51 +0000] "GET /api/v1/products/660ea5ff6d6d34f48e3dbfa5 HTTP/1.1" 200 1114 "-" "PostmanRuntime/7.37.3"
::1 - - [08/Apr/2024:12:05:21 +0000] "POST /api/v1/auth/login HTTP/1.1" 200 30 "-" "PostmanRuntime/7.37.3"
::1 - - [08/Apr/2024:12:15:16 +0000] "GET /api/v1/products/ HTTP/1.1" 200 1110 "-" "PostmanRuntime/7.37.3"
::1 - - [08/Apr/2024:12:18:59 +0000] "POST /api/v1/auth/login HTTP/1.1" 200 30 "-" "PostmanRuntime/7.37.3"
::1 - - [08/Apr/2024:12:19:05 +0000] "GET /api/v1/reviews/ HTTP/1.1" 200 1614 "-" "PostmanRuntime/7.37.3"
::1 - - [08/Apr/2024:12:26:31 +0000] "GET /api/v1/products/ HTTP/1.1" 200 1110 "-" "PostmanRuntime/7.37.3"
::1 - - [08/Apr/2024:13:19:32 +0000] "GET /api/v1/products/ HTTP/1.1" 200 1110 "-" "PostmanRuntime/7.37.3"
::1 - - [08/Apr/2024:13:19:54 +0000] "GET /api/v1/products/ HTTP/1.1" 200 1110 "-" "PostmanRuntime/7.37.3"
::1 - - [08/Apr/2024:13:20:00 +0000] "GET /api/v1/products/ HTTP/1.1" 200 1110 "-" "PostmanRuntime/7.37.3"
::1 - - [08/Apr/2024:13:20:04 +0000] "GET /api/v1/products/ HTTP/1.1" 200 1110 "-" "PostmanRuntime/7.37.3"
::1 - - [08/Apr/2024:13:20:06 +0000] "GET /api/v1/products/ HTTP/1.1" 200 1110 "-" "PostmanRuntime/7.37.3"
::1 - - [08/Apr/2024:13:20:12 +0000] "GET /api/v1/products/ HTTP/1.1" 200 779 "-" "PostmanRuntime/7.37.3"
::1 - - [08/Apr/2024:14:30:01 +0000] "POST /api/v1/auth/login HTTP/1.1" 200 30 "-" "PostmanRuntime/7.37.3"
::1 - - [08/Apr/2024:14:30:12 +0000] "GET /api/v1/products/ HTTP/1.1" 200 779 "-" "PostmanRuntime/7.37.3"
::1 - - [08/Apr/2024:14:30:18 +0000] "GET /api/v1/reviews/ HTTP/1.1" 200 1614 "-" "PostmanRuntime/7.37.3"
::1 - - [08/Apr/2024:14:31:22 +0000] "GET /api/v1/reviews/ HTTP/1.1" 200 1614 "-" "PostmanRuntime/7.37.3"
::1 - - [08/Apr/2024:14:32:04 +0000] "DELETE /api/v1/products/62bd529a1313f7854316cc51 HTTP/1.1" 404 27 "-" "PostmanRuntime/7.37.3"
::1 - - [08/Apr/2024:14:32:37 +0000] "DELETE /api/v1/products/660ea5ff6d6d34f48e3dbfa5 HTTP/1.1" 200 42 "-" "PostmanRuntime/7.37.3"
::1 - - [08/Apr/2024:14:32:42 +0000] "GET /api/v1/reviews/ HTTP/1.1" 200 24 "-" "PostmanRuntime/7.37.3"
::1 - - [08/Apr/2024:14:33:17 +0000] "GET /api/v1/products/ HTTP/1.1" 200 25 "-" "PostmanRuntime/7.37.3"
::1 - - [08/Apr/2024:14:33:24 +0000] "POST /api/v1/products/ HTTP/1.1" 201 832 "-" "PostmanRuntime/7.37.3"
::1 - - [08/Apr/2024:14:33:49 +0000] "POST /api/v1/auth/login HTTP/1.1" 200 30 "-" "PostmanRuntime/7.37.3"
::1 - - [08/Apr/2024:14:34:14 +0000] "POST /api/v1/reviews/ HTTP/1.1" 201 344 "-" "PostmanRuntime/7.37.3"
::1 - - [08/Apr/2024:14:34:18 +0000] "POST /api/v1/auth/login HTTP/1.1" 200 30 "-" "PostmanRuntime/7.37.3"
::1 - - [08/Apr/2024:14:34:37 +0000] "POST /api/v1/reviews/ HTTP/1.1" 201 342 "-" "PostmanRuntime/7.37.3"
::1 - - [08/Apr/2024:14:34:42 +0000] "GET /api/v1/reviews/ HTTP/1.1" 200 1767 "-" "PostmanRuntime/7.37.3"
::1 - - [08/Apr/2024:14:35:15 +0000] "DELETE /api/v1/products/66140034d30df1e0e6095705 HTTP/1.1" 200 42 "-" "PostmanRuntime/7.37.3"
::1 - - [08/Apr/2024:14:35:19 +0000] "GET /api/v1/reviews/ HTTP/1.1" 200 24 "-" "PostmanRuntime/7.37.3"
::1 - - [08/Apr/2024:14:35:36 +0000] "POST /api/v1/auth/login HTTP/1.1" 200 30 "-" "PostmanRuntime/7.37.3"
::1 - - [08/Apr/2024:14:35:44 +0000] "POST /api/v1/products/ HTTP/1.1" 403 38 "-" "PostmanRuntime/7.37.3"
::1 - - [08/Apr/2024:14:35:50 +0000] "POST /api/v1/auth/login HTTP/1.1" 200 30 "-" "PostmanRuntime/7.37.3"
::1 - - [08/Apr/2024:14:35:53 +0000] "POST /api/v1/products/ HTTP/1.1" 201 832 "-" "PostmanRuntime/7.37.3"
::1 - - [08/Apr/2024:14:36:04 +0000] "POST /api/v1/auth/login HTTP/1.1" 200 30 "-" "PostmanRuntime/7.37.3"
::1 - - [08/Apr/2024:14:36:09 +0000] "POST /api/v1/auth/login HTTP/1.1" 200 30 "-" "PostmanRuntime/7.37.3"
::1 - - [08/Apr/2024:14:36:17 +0000] "POST /api/v1/reviews/ HTTP/1.1" 201 342 "-" "PostmanRuntime/7.37.3"
::1 - - [08/Apr/2024:14:36:22 +0000] "GET /api/v1/reviews/ HTTP/1.1" 200 894 "-" "PostmanRuntime/7.37.3"
::1 - - [08/Apr/2024:14:36:29 +0000] "POST /api/v1/auth/login HTTP/1.1" 200 30 "-" "PostmanRuntime/7.37.3"
::1 - - [08/Apr/2024:14:36:39 +0000] "POST /api/v1/reviews/ HTTP/1.1" 201 343 "-" "PostmanRuntime/7.37.3"
::1 - - [08/Apr/2024:14:57:39 +0000] "POST /api/v1/auth/login HTTP/1.1" 200 30 "-" "PostmanRuntime/7.37.3"
::1 - - [08/Apr/2024:14:57:48 +0000] "GET /api/v1/products/ HTTP/1.1" 200 845 "-" "PostmanRuntime/7.37.3"
::1 - - [08/Apr/2024:14:58:20 +0000] "GET /api/v1/products/661400c9d30df1e0e6095721 HTTP/1.1" 200 1200 "-" "PostmanRuntime/7.37.3"
::1 - - [08/Apr/2024:14:58:42 +0000] "DELETE /api/v1/products/661400c9d30df1e0e6095721 HTTP/1.1" 200 42 "-" "PostmanRuntime/7.37.3"
::1 - - [08/Apr/2024:14:58:47 +0000] "GET /api/v1/reviews/ HTTP/1.1" 200 24 "-" "PostmanRuntime/7.37.3"
::1 - - [08/Apr/2024:15:08:06 +0000] "GET /api/v1/reviews/ HTTP/1.1" 200 24 "-" "PostmanRuntime/7.37.3"
::1 - - [08/Apr/2024:15:14:43 +0000] "GET /api/v1/products/ HTTP/1.1" 200 25 "-" "PostmanRuntime/7.37.3"
::1 - - [08/Apr/2024:15:14:52 +0000] "POST /api/v1/auth/login HTTP/1.1" 200 30 "-" "PostmanRuntime/7.37.3"
::1 - - [08/Apr/2024:15:15:25 +0000] "POST /api/v1/products/ HTTP/1.1" 201 832 "-" "PostmanRuntime/7.37.3"
::1 - - [08/Apr/2024:15:15:33 +0000] "GET /api/v1/products/ HTTP/1.1" 200 845 "-" "PostmanRuntime/7.37.3"
::1 - - [08/Apr/2024:15:15:41 +0000] "GET /api/v1/products/661400c9d30df1e0e6095721 HTTP/1.1" 404 60 "-" "PostmanRuntime/7.37.3"
::1 - - [08/Apr/2024:15:15:45 +0000] "GET /api/v1/products/66140a0ddd4446ce64c77ac1 HTTP/1.1" 200 862 "-" "PostmanRuntime/7.37.3"
::1 - - [08/Apr/2024:15:19:52 +0000] "GET /api/v1/products/66140a0ddd4446ce64c77ac1 HTTP/1.1" 200 862 "-" "PostmanRuntime/7.37.3"
::1 - - [08/Apr/2024:15:20:38 +0000] "POST /api/v1/reviews/ HTTP/1.1" 201 342 "-" "PostmanRuntime/7.37.3"
::1 - - [08/Apr/2024:15:20:53 +0000] "PATCH /api/v1/reviews/6601de6971ebf5c80f3c8d7b HTTP/1.1" 404 24 "-" "PostmanRuntime/7.37.3"
::1 - - [08/Apr/2024:15:21:06 +0000] "PATCH /api/v1/reviews/6601de6971ebf5c80f3c8d7b HTTP/1.1" 404 24 "-" "PostmanRuntime/7.37.3"
::1 - - [08/Apr/2024:15:21:21 +0000] "GET /api/v1/reviews/ HTTP/1.1" 200 894 "-" "PostmanRuntime/7.37.3"
::1 - - [08/Apr/2024:15:21:31 +0000] "PATCH /api/v1/reviews/66140b467eaf64f06f8bb11b HTTP/1.1" 200 317 "-" "PostmanRuntime/7.37.3"
::1 - - [08/Apr/2024:15:21:47 +0000] "DELETE /api/v1/reviews/66030d7b87cbe19412e7ae24 HTTP/1.1" 400 53 "-" "PostmanRuntime/7.37.3"
::1 - - [08/Apr/2024:15:21:53 +0000] "DELETE /api/v1/reviews/66140b467eaf64f06f8bb11b HTTP/1.1" 200 28 "-" "PostmanRuntime/7.37.3"
::1 - - [08/Apr/2024:15:49:59 +0000] "POST /api/v1/reviews/ HTTP/1.1" 201 342 "-" "PostmanRuntime/7.37.3"
::1 - - [08/Apr/2024:15:50:17 +0000] "PATCH /api/v1/reviews/66141227b41cb8b983becdff HTTP/1.1" 200 317 "-" "PostmanRuntime/7.37.3"
::1 - - [08/Apr/2024:15:50:24 +0000] "DELETE /api/v1/reviews/66141227b41cb8b983becdff HTTP/1.1" 500 67 "-" "PostmanRuntime/7.37.3"
::1 - - [08/Apr/2024:15:50:52 +0000] "DELETE /api/v1/reviews/66141227b41cb8b983becdff HTTP/1.1" 400 53 "-" "PostmanRuntime/7.37.3"
::1 - - [08/Apr/2024:15:52:28 +0000] "POST /api/v1/reviews/ HTTP/1.1" 201 342 "-" "PostmanRuntime/7.37.3"
::1 - - [08/Apr/2024:15:52:52 +0000] "DELETE /api/v1/reviews/661412bcc75f5f95f72106a9 HTTP/1.1" 500 67 "-" "PostmanRuntime/7.37.3"
::1 - - [08/Apr/2024:15:53:48 +0000] "POST /api/v1/reviews/ HTTP/1.1" 201 342 "-" "PostmanRuntime/7.37.3"
::1 - - [08/Apr/2024:15:54:02 +0000] "DELETE /api/v1/reviews/6614130cdbc4ee564eb8547e HTTP/1.1" 200 28 "-" "PostmanRuntime/7.37.3"
::1 - - [08/Apr/2024:15:54:38 +0000] "POST /api/v1/reviews/ HTTP/1.1" 201 342 "-" "PostmanRuntime/7.37.3"
::1 - - [08/Apr/2024:15:54:51 +0000] "DELETE /api/v1/reviews/6614133e0cf5212aef5b16e5 HTTP/1.1" 200 28 "-" "PostmanRuntime/7.37.3"
::1 - - [08/Apr/2024:18:30:35 +0000] "POST /api/v1/reviews/ HTTP/1.1" 201 342 "-" "PostmanRuntime/7.37.3"
::1 - - [08/Apr/2024:18:30:57 +0000] "PATCH /api/v1/reviews/661437cb45beaac715a16317 HTTP/1.1" 200 317 "-" "PostmanRuntime/7.37.3"
::1 - - [08/Apr/2024:18:31:04 +0000] "DELETE /api/v1/reviews/661437cb45beaac715a16317 HTTP/1.1" 200 28 "-" "PostmanRuntime/7.37.3"
::1 - - [08/Apr/2024:18:34:22 +0000] "POST /api/v1/auth/login HTTP/1.1" 200 30 "-" "PostmanRuntime/7.37.3"
::1 - - [08/Apr/2024:18:34:29 +0000] "GET /api/v1/products/ HTTP/1.1" 200 845 "-" "PostmanRuntime/7.37.3"
::1 - - [08/Apr/2024:18:34:56 +0000] "GET /api/v1/products/ HTTP/1.1" 200 845 "-" "PostmanRuntime/7.37.3"
::1 - - [08/Apr/2024:18:35:15 +0000] "POST /api/v1/reviews/ HTTP/1.1" 201 342 "-" "PostmanRuntime/7.37.3"
::1 - - [08/Apr/2024:18:35:20 +0000] "POST /api/v1/auth/login HTTP/1.1" 200 30 "-" "PostmanRuntime/7.37.3"
::1 - - [08/Apr/2024:18:35:50 +0000] "POST /api/v1/reviews/ HTTP/1.1" 201 326 "-" "PostmanRuntime/7.37.3"
::1 - - [08/Apr/2024:18:35:56 +0000] "GET /api/v1/reviews/ HTTP/1.1" 200 1749 "-" "PostmanRuntime/7.37.3"
::1 - - [08/Apr/2024:18:36:04 +0000] "GET /api/v1/products/ HTTP/1.1" 200 845 "-" "PostmanRuntime/7.37.3"
::1 - - [08/Apr/2024:19:27:19 +0000] "GET /api/v1/products/ HTTP/1.1" 200 845 "-" "PostmanRuntime/7.37.3"
::1 - - [08/Apr/2024:19:27:33 +0000] "GET /api/v1/products/66140a0ddd4446ce64c77ac1 HTTP/1.1" 200 1183 "-" "PostmanRuntime/7.37.3"
::1 - - [08/Apr/2024:19:28:19 +0000] "PATCH /api/v1/reviews/661438e39284a2b5a9865a53 HTTP/1.1" 403 23 "-" "PostmanRuntime/7.37.3"
::1 - - [08/Apr/2024:19:28:28 +0000] "POST /api/v1/auth/login HTTP/1.1" 200 30 "-" "PostmanRuntime/7.37.3"
::1 - - [08/Apr/2024:19:28:33 +0000] "PATCH /api/v1/reviews/661438e39284a2b5a9865a53 HTTP/1.1" 200 317 "-" "PostmanRuntime/7.37.3"
::1 - - [08/Apr/2024:19:35:39 +0000] "PATCH /api/v1/reviews/661438e39284a2b5a9865a53 HTTP/1.1" 200 317 "-" "PostmanRuntime/7.37.3"
::1 - - [08/Apr/2024:19:40:58 +0000] "PATCH /api/v1/reviews/661438e39284a2b5a9865a53 HTTP/1.1" 200 317 "-" "PostmanRuntime/7.37.3"
::1 - - [08/Apr/2024:19:42:52 +0000] "PATCH /api/v1/reviews/661438e39284a2b5a9865a53 HTTP/1.1" 200 317 "-" "PostmanRuntime/7.37.3"
::1 - - [08/Apr/2024:19:49:04 +0000] "PATCH /api/v1/reviews/661438e39284a2b5a9865a53 HTTP/1.1" 200 317 "-" "PostmanRuntime/7.37.3"
::1 - - [08/Apr/2024:20:10:14 +0000] "PATCH /api/v1/reviews/661438e39284a2b5a9865a53 HTTP/1.1" 200 317 "-" "PostmanRuntime/7.37.3"
::1 - - [08/Apr/2024:20:11:01 +0000] "PATCH /api/v1/reviews/661438e39284a2b5a9865a53 HTTP/1.1" 200 317 "-" "PostmanRuntime/7.37.3"
::1 - - [08/Apr/2024:20:11:46 +0000] "PATCH /api/v1/reviews/661438e39284a2b5a9865a53 HTTP/1.1" 200 317 "-" "PostmanRuntime/7.37.3"
::1 - - [08/Apr/2024:20:13:00 +0000] "PATCH /api/v1/reviews/661438e39284a2b5a9865a53 HTTP/1.1" 200 317 "-" "PostmanRuntime/7.37.3"
::1 - - [08/Apr/2024:20:15:13 +0000] "PATCH /api/v1/reviews/661438e39284a2b5a9865a53 HTTP/1.1" 200 317 "-" "PostmanRuntime/7.37.3"
::1 - - [08/Apr/2024:20:16:52 +0000] "PATCH /api/v1/reviews/661438e39284a2b5a9865a53 HTTP/1.1" 200 317 "-" "PostmanRuntime/7.37.3"
::1 - - [08/Apr/2024:20:39:31 +0000] "PATCH /api/v1/reviews/661438e39284a2b5a9865a53 HTTP/1.1" 200 317 "-" "PostmanRuntime/7.37.3"
::1 - - [08/Apr/2024:20:47:52 +0000] "GET /api/v1/products/ HTTP/1.1" 200 845 "-" "PostmanRuntime/7.37.3"
::1 - - [08/Apr/2024:20:48:19 +0000] "GET /api/v1/products/66140a0ddd4446ce64c77ac1 HTTP/1.1" 200 1159 "-" "PostmanRuntime/7.37.3"
::1 - - [08/Apr/2024:21:31:37 +0000] "GET /api/v1/products/66140a0ddd4446ce64c77ac1 HTTP/1.1" 200 1159 "-" "PostmanRuntime/7.37.3"
::1 - - [08/Apr/2024:21:32:06 +0000] "PATCH /api/v1/reviews/661438e39284a2b5a9865a53 HTTP/1.1" 200 317 "-" "PostmanRuntime/7.37.3"
::1 - - [08/Apr/2024:21:36:17 +0000] "GET /api/v1/products/66140a0ddd4446ce64c77ac1 HTTP/1.1" 200 1161 "-" "PostmanRuntime/7.37.3"
::1 - - [08/Apr/2024:21:39:18 +0000] "PATCH /api/v1/reviews/661438e39284a2b5a9865a53 HTTP/1.1" 200 317 "-" "PostmanRuntime/7.37.3"
::1 - - [08/Apr/2024:21:46:36 +0000] "GET /api/v1/products/ HTTP/1.1" 200 847 "-" "PostmanRuntime/7.37.3"
::1 - - [09/Apr/2024:01:18:11 +0000] "GET /api/v1/orders HTTP/1.1" - - "-" "PostmanRuntime/7.37.3"
::1 - - [09/Apr/2024:01:18:17 +0000] "GET /api/v1/orders HTTP/1.1" 200 18 "-" "PostmanRuntime/7.37.3"
::1 - - [09/Apr/2024:01:18:21 +0000] "GET /api/v1/orders HTTP/1.1" 200 18 "-" "PostmanRuntime/7.37.3"
::1 - - [09/Apr/2024:01:19:51 +0000] "GET /api/v1/orders HTTP/1.1" 401 26 "-" "PostmanRuntime/7.37.3"
::1 - - [09/Apr/2024:01:21:12 +0000] "GET /api/v1/orders HTTP/1.1" 401 26 "-" "PostmanRuntime/7.37.3"
::1 - - [09/Apr/2024:01:22:51 +0000] "GET /api/v1/orders/62bda2bfca53a8d26cc85d8c HTTP/1.1" 401 26 "-" "PostmanRuntime/7.37.3"
::1 - - [09/Apr/2024:01:22:56 +0000] "GET /api/v1/orders/showAllMyOrders HTTP/1.1" 401 26 "-" "PostmanRuntime/7.37.3"
::1 - - [09/Apr/2024:01:23:03 +0000] "POST /api/v1/orders HTTP/1.1" 401 26 "-" "PostmanRuntime/7.37.3"
::1 - - [09/Apr/2024:01:23:08 +0000] "DELETE /api/v1/orders/123 HTTP/1.1" 200 25 "-" "PostmanRuntime/7.37.3"
::1 - - [09/Apr/2024:01:23:35 +0000] "PATCH /api/v1/orders/62bda2bfca53a8d26cc85d8c HTTP/1.1" 401 26 "-" "PostmanRuntime/7.37.3"
::1 - - [09/Apr/2024:01:28:16 +0000] "POST /api/v1/auth/login HTTP/1.1" 200 30 "-" "PostmanRuntime/7.37.3"
::1 - - [09/Apr/2024:01:28:19 +0000] "GET /api/v1/orders HTTP/1.1" 403 38 "-" "PostmanRuntime/7.37.3"
::1 - - [09/Apr/2024:01:28:25 +0000] "GET /api/v1/orders/62bda2bfca53a8d26cc85d8c HTTP/1.1" 200 20 "-" "PostmanRuntime/7.37.3"
::1 - - [09/Apr/2024:01:28:28 +0000] "GET /api/v1/orders/showAllMyOrders HTTP/1.1" 200 26 "-" "PostmanRuntime/7.37.3"
::1 - - [09/Apr/2024:01:28:32 +0000] "POST /api/v1/orders HTTP/1.1" 200 17 "-" "PostmanRuntime/7.37.3"
::1 - - [09/Apr/2024:01:28:36 +0000] "PATCH /api/v1/orders/62bda2bfca53a8d26cc85d8c HTTP/1.1" 200 17 "-" "PostmanRuntime/7.37.3"
::1 - - [09/Apr/2024:01:28:41 +0000] "POST /api/v1/auth/login HTTP/1.1" 200 30 "-" "PostmanRuntime/7.37.3"
::1 - - [09/Apr/2024:01:28:44 +0000] "GET /api/v1/orders HTTP/1.1" 200 18 "-" "PostmanRuntime/7.37.3"
::1 - - [09/Apr/2024:01:28:52 +0000] "GET /api/v1/orders HTTP/1.1" 200 18 "-" "PostmanRuntime/7.37.3"
::1 - - [09/Apr/2024:01:28:56 +0000] "GET /api/v1/orders/62bda2bfca53a8d26cc85d8c HTTP/1.1" 200 20 "-" "PostmanRuntime/7.37.3"
::1 - - [09/Apr/2024:01:28:59 +0000] "GET /api/v1/orders/showAllMyOrders HTTP/1.1" 200 26 "-" "PostmanRuntime/7.37.3"
::1 - - [09/Apr/2024:01:29:02 +0000] "POST /api/v1/orders HTTP/1.1" 200 17 "-" "PostmanRuntime/7.37.3"
::1 - - [09/Apr/2024:01:29:07 +0000] "PATCH /api/v1/orders/62bda2bfca53a8d26cc85d8c HTTP/1.1" 200 17 "-" "PostmanRuntime/7.37.3"
::1 - - [09/Apr/2024:01:48:24 +0000] "GET /api/v1/products/ HTTP/1.1" 200 847 "-" "PostmanRuntime/7.37.3"
::1 - - [09/Apr/2024:01:48:43 +0000] "POST /api/v1/orders HTTP/1.1" 200 17 "-" "PostmanRuntime/7.37.3"
::1 - - [09/Apr/2024:03:10:13 +0000] "POST /api/v1/orders HTTP/1.1" 404 55 "-" "PostmanRuntime/7.37.3"
::1 - - [09/Apr/2024:03:10:30 +0000] "GET /api/v1/products/ HTTP/1.1" 200 847 "-" "PostmanRuntime/7.37.3"
::1 - - [09/Apr/2024:03:10:49 +0000] "POST /api/v1/orders HTTP/1.1" 200 17 "-" "PostmanRuntime/7.37.3"
::1 - - [09/Apr/2024:09:37:23 +0000] "POST /api/v1/orders HTTP/1.1" 401 26 "-" "PostmanRuntime/7.37.3"
::1 - - [09/Apr/2024:09:37:37 +0000] "POST /api/v1/auth/login HTTP/1.1" 200 30 "-" "PostmanRuntime/7.37.3"
::1 - - [09/Apr/2024:09:38:00 +0000] "POST /api/v1/orders HTTP/1.1" 201 564 "-" "PostmanRuntime/7.37.3"
::1 - - [09/Apr/2024:09:41:29 +0000] "POST /api/v1/products/ HTTP/1.1" 400 72 "-" "PostmanRuntime/7.37.3"
::1 - - [09/Apr/2024:09:41:36 +0000] "POST /api/v1/products/ HTTP/1.1" 403 38 "-" "PostmanRuntime/7.37.3"
::1 - - [09/Apr/2024:09:41:45 +0000] "POST /api/v1/auth/login HTTP/1.1" 200 30 "-" "PostmanRuntime/7.37.3"
::1 - - [09/Apr/2024:09:41:49 +0000] "POST /api/v1/products/ HTTP/1.1" 201 841 "-" "PostmanRuntime/7.37.3"
::1 - - [09/Apr/2024:09:42:03 +0000] "POST /api/v1/products/ HTTP/1.1" 201 843 "-" "PostmanRuntime/7.37.3"
::1 - - [09/Apr/2024:09:42:18 +0000] "POST /api/v1/products/ HTTP/1.1" 201 834 "-" "PostmanRuntime/7.37.3"
::1 - - [09/Apr/2024:09:42:27 +0000] "GET /api/v1/products/ HTTP/1.1" 200 3332 "-" "PostmanRuntime/7.37.3"
::1 - - [09/Apr/2024:09:44:11 +0000] "POST /api/v1/orders HTTP/1.1" 400 32 "-" "PostmanRuntime/7.37.3"
::1 - - [09/Apr/2024:09:44:39 +0000] "POST /api/v1/orders HTTP/1.1" 400 32 "-" "PostmanRuntime/7.37.3"
::1 - - [09/Apr/2024:09:45:21 +0000] "POST /api/v1/orders HTTP/1.1" 201 784 "-" "PostmanRuntime/7.37.3"
::1 - - [09/Apr/2024:09:47:17 +0000] "GET /api/v1/orders HTTP/1.1" 200 4705 "-" "PostmanRuntime/7.37.3"
::1 - - [09/Apr/2024:09:47:46 +0000] "GET /api/v1/orders HTTP/1.1" 200 4705 "-" "PostmanRuntime/7.37.3"
::1 - - [09/Apr/2024:10:17:44 +0000] "GET /api/v1/orders HTTP/1.1" 200 4705 "-" "PostmanRuntime/7.37.3"
::1 - - [09/Apr/2024:10:17:49 +0000] "GET /api/v1/orders/showAllMyOrders HTTP/1.1" 200 1746 "-" "PostmanRuntime/7.37.3"
::1 - - [09/Apr/2024:10:33:31 +0000] "GET /api/v1/orders HTTP/1.1" 200 4705 "-" "PostmanRuntime/7.37.3"
::1 - - [09/Apr/2024:10:33:45 +0000] "PATCH /api/v1/orders/62bd764bd910838d2c1d9cc7 HTTP/1.1" 404 38 "-" "PostmanRuntime/7.37.3"
::1 - - [09/Apr/2024:10:34:33 +0000] "GET /api/v1/orders HTTP/1.1" 200 4705 "-" "PostmanRuntime/7.37.3"
::1 - - [09/Apr/2024:10:34:45 +0000] "PATCH /api/v1/orders/62bd764bd910838d2c1d9cc7 HTTP/1.1" 404 38 "-" "PostmanRuntime/7.37.3"
::1 - - [09/Apr/2024:11:41:43 +0000] "PATCH /api/v1/orders/62bd764bd910838d2c1d9cc7 HTTP/1.1" 200 505 "-" "PostmanRuntime/7.37.3"
::ffff:127.0.0.1 - - [09/Apr/2024:13:14:21 +0000] "GET / HTTP/1.1" 200 1198 "-" "Mozilla/5.0 (X11; Linux x86_64; rv:109.0) Gecko/20100101 Firefox/115.0"
::ffff:127.0.0.1 - - [09/Apr/2024:13:14:21 +0000] "GET /normalize.css HTTP/1.1" 304 - "http://localhost:5000/" "Mozilla/5.0 (X11; Linux x86_64; rv:109.0) Gecko/20100101 Firefox/115.0"
::ffff:127.0.0.1 - - [09/Apr/2024:13:14:21 +0000] "GET /main.css HTTP/1.1" 304 - "http://localhost:5000/" "Mozilla/5.0 (X11; Linux x86_64; rv:109.0) Gecko/20100101 Firefox/115.0"
::ffff:127.0.0.1 - - [09/Apr/2024:13:14:21 +0000] "GET /browser-app.js HTTP/1.1" 304 - "http://localhost:5000/" "Mozilla/5.0 (X11; Linux x86_64; rv:109.0) Gecko/20100101 Firefox/115.0"
::ffff:127.0.0.1 - - [09/Apr/2024:13:14:23 +0000] "GET / HTTP/1.1" 304 - "-" "Mozilla/5.0 (X11; Linux x86_64; rv:109.0) Gecko/20100101 Firefox/115.0"
::ffff:127.0.0.1 - - [09/Apr/2024:13:14:23 +0000] "GET /normalize.css HTTP/1.1" 304 - "http://localhost:5000/" "Mozilla/5.0 (X11; Linux x86_64; rv:109.0) Gecko/20100101 Firefox/115.0"
::ffff:127.0.0.1 - - [09/Apr/2024:13:14:23 +0000] "GET /main.css HTTP/1.1" 304 - "http://localhost:5000/" "Mozilla/5.0 (X11; Linux x86_64; rv:109.0) Gecko/20100101 Firefox/115.0"
::ffff:127.0.0.1 - - [09/Apr/2024:13:14:23 +0000] "GET /browser-app.js HTTP/1.1" 304 - "http://localhost:5000/" "Mozilla/5.0 (X11; Linux x86_64; rv:109.0) Gecko/20100101 Firefox/115.0"
::ffff:127.0.0.1 - - [09/Apr/2024:13:14:24 +0000] "GET / HTTP/1.1" 304 - "-" "Mozilla/5.0 (X11; Linux x86_64; rv:109.0) Gecko/20100101 Firefox/115.0"
::ffff:127.0.0.1 - - [09/Apr/2024:13:14:24 +0000] "GET /normalize.css HTTP/1.1" 304 - "http://localhost:5000/" "Mozilla/5.0 (X11; Linux x86_64; rv:109.0) Gecko/20100101 Firefox/115.0"
::ffff:127.0.0.1 - - [09/Apr/2024:13:14:24 +0000] "GET /main.css HTTP/1.1" 304 - "http://localhost:5000/" "Mozilla/5.0 (X11; Linux x86_64; rv:109.0) Gecko/20100101 Firefox/115.0"
::ffff:127.0.0.1 - - [09/Apr/2024:13:14:24 +0000] "GET /browser-app.js HTTP/1.1" 304 - "http://localhost:5000/" "Mozilla/5.0 (X11; Linux x86_64; rv:109.0) Gecko/20100101 Firefox/115.0"
::ffff:127.0.0.1 - - [09/Apr/2024:13:15:06 +0000] "GET / HTTP/1.1" 304 - "-" "Mozilla/5.0 (X11; Linux x86_64; rv:109.0) Gecko/20100101 Firefox/115.0"
::ffff:127.0.0.1 - - [09/Apr/2024:13:15:07 +0000] "GET /normalize.css HTTP/1.1" 304 - "http://localhost:5000/" "Mozilla/5.0 (X11; Linux x86_64; rv:109.0) Gecko/20100101 Firefox/115.0"
::ffff:127.0.0.1 - - [09/Apr/2024:13:15:07 +0000] "GET /main.css HTTP/1.1" 304 - "http://localhost:5000/" "Mozilla/5.0 (X11; Linux x86_64; rv:109.0) Gecko/20100101 Firefox/115.0"
::ffff:127.0.0.1 - - [09/Apr/2024:13:15:07 +0000] "GET /browser-app.js HTTP/1.1" 304 - "http://localhost:5000/" "Mozilla/5.0 (X11; Linux x86_64; rv:109.0) Gecko/20100101 Firefox/115.0"
::ffff:127.0.0.1 - - [09/Apr/2024:13:15:08 +0000] "GET / HTTP/1.1" 304 - "-" "Mozilla/5.0 (X11; Linux x86_64; rv:109.0) Gecko/20100101 Firefox/115.0"
::ffff:127.0.0.1 - - [09/Apr/2024:13:15:10 +0000] "GET /normalize.css HTTP/1.1" 304 - "http://localhost:5000/" "Mozilla/5.0 (X11; Linux x86_64; rv:109.0) Gecko/20100101 Firefox/115.0"
::ffff:127.0.0.1 - - [09/Apr/2024:13:15:10 +0000] "GET /main.css HTTP/1.1" 304 - "http://localhost:5000/" "Mozilla/5.0 (X11; Linux x86_64; rv:109.0) Gecko/20100101 Firefox/115.0"
::ffff:127.0.0.1 - - [09/Apr/2024:13:15:10 +0000] "GET /browser-app.js HTTP/1.1" 304 - "http://localhost:5000/" "Mozilla/5.0 (X11; Linux x86_64; rv:109.0) Gecko/20100101 Firefox/115.0"
::ffff:127.0.0.1 - - [09/Apr/2024:13:17:26 +0000] "GET / HTTP/1.1" 304 - "-" "Mozilla/5.0 (X11; Linux x86_64; rv:109.0) Gecko/20100101 Firefox/115.0"
::ffff:127.0.0.1 - - [09/Apr/2024:13:17:27 +0000] "GET /normalize.css HTTP/1.1" 304 - "http://localhost:5000/" "Mozilla/5.0 (X11; Linux x86_64; rv:109.0) Gecko/20100101 Firefox/115.0"
::ffff:127.0.0.1 - - [09/Apr/2024:13:17:27 +0000] "GET /main.css HTTP/1.1" 304 - "http://localhost:5000/" "Mozilla/5.0 (X11; Linux x86_64; rv:109.0) Gecko/20100101 Firefox/115.0"
::ffff:127.0.0.1 - - [09/Apr/2024:13:17:27 +0000] "GET /browser-app.js HTTP/1.1" 304 - "http://localhost:5000/" "Mozilla/5.0 (X11; Linux x86_64; rv:109.0) Gecko/20100101 Firefox/115.0"
::ffff:127.0.0.1 - - [09/Apr/2024:13:17:41 +0000] "GET / HTTP/1.1" 304 - "-" "Mozilla/5.0 (X11; Linux x86_64; rv:109.0) Gecko/20100101 Firefox/115.0"
::ffff:127.0.0.1 - - [09/Apr/2024:13:17:42 +0000] "GET /normalize.css HTTP/1.1" 304 - "http://localhost:5000/" "Mozilla/5.0 (X11; Linux x86_64; rv:109.0) Gecko/20100101 Firefox/115.0"
::ffff:127.0.0.1 - - [09/Apr/2024:13:17:42 +0000] "GET /main.css HTTP/1.1" 304 - "http://localhost:5000/" "Mozilla/5.0 (X11; Linux x86_64; rv:109.0) Gecko/20100101 Firefox/115.0"
::ffff:127.0.0.1 - - [09/Apr/2024:13:17:42 +0000] "GET /browser-app.js HTTP/1.1" 304 - "http://localhost:5000/" "Mozilla/5.0 (X11; Linux x86_64; rv:109.0) Gecko/20100101 Firefox/115.0"
::ffff:127.0.0.1 - - [09/Apr/2024:13:17:43 +0000] "GET / HTTP/1.1" 304 - "-" "Mozilla/5.0 (X11; Linux x86_64; rv:109.0) Gecko/20100101 Firefox/115.0"
::ffff:127.0.0.1 - - [09/Apr/2024:13:17:43 +0000] "GET /normalize.css HTTP/1.1" 304 - "http://localhost:5000/" "Mozilla/5.0 (X11; Linux x86_64; rv:109.0) Gecko/20100101 Firefox/115.0"
::ffff:127.0.0.1 - - [09/Apr/2024:13:17:43 +0000] "GET /main.css HTTP/1.1" 304 - "http://localhost:5000/" "Mozilla/5.0 (X11; Linux x86_64; rv:109.0) Gecko/20100101 Firefox/115.0"
::ffff:127.0.0.1 - - [09/Apr/2024:13:17:43 +0000] "GET /browser-app.js HTTP/1.1" 304 - "http://localhost:5000/" "Mozilla/5.0 (X11; Linux x86_64; rv:109.0) Gecko/20100101 Firefox/115.0"
::ffff:127.0.0.1 - - [09/Apr/2024:13:18:01 +0000] "GET / HTTP/1.1" 304 - "-" "Mozilla/5.0 (X11; Linux x86_64; rv:109.0) Gecko/20100101 Firefox/115.0"
::ffff:127.0.0.1 - - [09/Apr/2024:13:18:02 +0000] "GET /normalize.css HTTP/1.1" 304 - "http://localhost:5000/" "Mozilla/5.0 (X11; Linux x86_64; rv:109.0) Gecko/20100101 Firefox/115.0"
::ffff:127.0.0.1 - - [09/Apr/2024:13:18:02 +0000] "GET /main.css HTTP/1.1" 304 - "http://localhost:5000/" "Mozilla/5.0 (X11; Linux x86_64; rv:109.0) Gecko/20100101 Firefox/115.0"
::ffff:127.0.0.1 - - [09/Apr/2024:13:18:02 +0000] "GET /browser-app.js HTTP/1.1" 304 - "http://localhost:5000/" "Mozilla/5.0 (X11; Linux x86_64; rv:109.0) Gecko/20100101 Firefox/115.0"
::ffff:127.0.0.1 - - [09/Apr/2024:13:18:03 +0000] "GET / HTTP/1.1" 304 - "-" "Mozilla/5.0 (X11; Linux x86_64; rv:109.0) Gecko/20100101 Firefox/115.0"
::ffff:127.0.0.1 - - [09/Apr/2024:13:18:03 +0000] "GET /normalize.css HTTP/1.1" 304 - "http://localhost:5000/" "Mozilla/5.0 (X11; Linux x86_64; rv:109.0) Gecko/20100101 Firefox/115.0"
::ffff:127.0.0.1 - - [09/Apr/2024:13:18:03 +0000] "GET /main.css HTTP/1.1" 304 - "http://localhost:5000/" "Mozilla/5.0 (X11; Linux x86_64; rv:109.0) Gecko/20100101 Firefox/115.0"
::ffff:127.0.0.1 - - [09/Apr/2024:13:18:04 +0000] "GET /browser-app.js HTTP/1.1" 304 - "http://localhost:5000/" "Mozilla/5.0 (X11; Linux x86_64; rv:109.0) Gecko/20100101 Firefox/115.0"
::ffff:127.0.0.1 - - [09/Apr/2024:13:18:10 +0000] "GET / HTTP/1.1" 304 - "-" "Mozilla/5.0 (X11; Linux x86_64; rv:109.0) Gecko/20100101 Firefox/115.0"
::ffff:127.0.0.1 - - [09/Apr/2024:13:18:10 +0000] "GET /normalize.css HTTP/1.1" 304 - "http://localhost:5000/" "Mozilla/5.0 (X11; Linux x86_64; rv:109.0) Gecko/20100101 Firefox/115.0"
::ffff:127.0.0.1 - - [09/Apr/2024:13:18:10 +0000] "GET /main.css HTTP/1.1" 304 - "http://localhost:5000/" "Mozilla/5.0 (X11; Linux x86_64; rv:109.0) Gecko/20100101 Firefox/115.0"
::ffff:127.0.0.1 - - [09/Apr/2024:13:18:10 +0000] "GET /browser-app.js HTTP/1.1" 304 - "http://localhost:5000/" "Mozilla/5.0 (X11; Linux x86_64; rv:109.0) Gecko/20100101 Firefox/115.0"
::ffff:127.0.0.1 - - [09/Apr/2024:13:18:12 +0000] "GET / HTTP/1.1" 304 - "-" "Mozilla/5.0 (X11; Linux x86_64; rv:109.0) Gecko/20100101 Firefox/115.0"
::ffff:127.0.0.1 - - [09/Apr/2024:13:18:12 +0000] "GET /normalize.css HTTP/1.1" 304 - "http://localhost:5000/" "Mozilla/5.0 (X11; Linux x86_64; rv:109.0) Gecko/20100101 Firefox/115.0"
::ffff:127.0.0.1 - - [09/Apr/2024:13:18:12 +0000] "GET /main.css HTTP/1.1" 304 - "http://localhost:5000/" "Mozilla/5.0 (X11; Linux x86_64; rv:109.0) Gecko/20100101 Firefox/115.0"
::ffff:127.0.0.1 - - [09/Apr/2024:13:18:12 +0000] "GET /browser-app.js HTTP/1.1" 304 - "http://localhost:5000/" "Mozilla/5.0 (X11; Linux x86_64; rv:109.0) Gecko/20100101 Firefox/115.0"
::ffff:127.0.0.1 - - [09/Apr/2024:13:18:32 +0000] "GET /api/v1 HTTP/1.1" 200 25 "-" "Mozilla/5.0 (X11; Linux x86_64; rv:109.0) Gecko/20100101 Firefox/115.0"
::ffff:127.0.0.1 - - [09/Apr/2024:13:18:36 +0000] "GET / HTTP/1.1" 304 - "-" "Mozilla/5.0 (X11; Linux x86_64; rv:109.0) Gecko/20100101 Firefox/115.0"
::ffff:127.0.0.1 - - [09/Apr/2024:13:18:36 +0000] "GET /normalize.css HTTP/1.1" 304 - "http://localhost:5000/" "Mozilla/5.0 (X11; Linux x86_64; rv:109.0) Gecko/20100101 Firefox/115.0"
::ffff:127.0.0.1 - - [09/Apr/2024:13:18:36 +0000] "GET /main.css HTTP/1.1" 304 - "http://localhost:5000/" "Mozilla/5.0 (X11; Linux x86_64; rv:109.0) Gecko/20100101 Firefox/115.0"
::ffff:127.0.0.1 - - [09/Apr/2024:13:18:36 +0000] "GET /browser-app.js HTTP/1.1" 304 - "http://localhost:5000/" "Mozilla/5.0 (X11; Linux x86_64; rv:109.0) Gecko/20100101 Firefox/115.0"
::ffff:127.0.0.1 - - [09/Apr/2024:13:18:39 +0000] "GET / HTTP/1.1" 304 - "-" "Mozilla/5.0 (X11; Linux x86_64; rv:109.0) Gecko/20100101 Firefox/115.0"
::ffff:127.0.0.1 - - [09/Apr/2024:13:18:39 +0000] "GET /normalize.css HTTP/1.1" 304 - "http://localhost:5000/" "Mozilla/5.0 (X11; Linux x86_64; rv:109.0) Gecko/20100101 Firefox/115.0"
::ffff:127.0.0.1 - - [09/Apr/2024:13:18:39 +0000] "GET /main.css HTTP/1.1" 304 - "http://localhost:5000/" "Mozilla/5.0 (X11; Linux x86_64; rv:109.0) Gecko/20100101 Firefox/115.0"
::ffff:127.0.0.1 - - [09/Apr/2024:13:18:39 +0000] "GET /browser-app.js HTTP/1.1" 304 - "http://localhost:5000/" "Mozilla/5.0 (X11; Linux x86_64; rv:109.0) Gecko/20100101 Firefox/115.0"
::ffff:127.0.0.1 - - [09/Apr/2024:13:19:27 +0000] "GET / HTTP/1.1" 200 288079 "-" "Mozilla/5.0 (X11; Linux x86_64; rv:109.0) Gecko/20100101 Firefox/115.0"
::ffff:127.0.0.1 - - [09/Apr/2024:13:19:29 +0000] "GET / HTTP/1.1" 304 - "-" "Mozilla/5.0 (X11; Linux x86_64; rv:109.0) Gecko/20100101 Firefox/115.0"
::1 - - [09/Apr/2024:14:48:18 +0000] "POST /api/v1/auth/login HTTP/1.1" 200 30 "-" "PostmanRuntime/7.37.3"
::1 - - [09/Apr/2024:14:48:22 +0000] "POST /api/v1/auth/login HTTP/1.1" 200 30 "-" "PostmanRuntime/7.37.3"
::1 - - [09/Apr/2024:14:48:31 +0000] "POST /api/v1/auth/register HTTP/1.1" 400 70 "-" "PostmanRuntime/7.37.3"
::1 - - [09/Apr/2024:14:48:39 +0000] "POST /api/v1/auth/register HTTP/1.1" 201 76 "-" "PostmanRuntime/7.37.3"
::1 - - [09/Apr/2024:14:48:49 +0000] "POST /api/v1/auth/register HTTP/1.1" 400 69 "-" "PostmanRuntime/7.37.3"
::1 - - [09/Apr/2024:14:49:02 +0000] "POST /api/v1/auth/register HTTP/1.1" 201 77 "-" "PostmanRuntime/7.37.3"
::1 - - [09/Apr/2024:14:49:08 +0000] "GET /api/v1/auth/logout HTTP/1.1" 200 32 "-" "PostmanRuntime/7.37.3"
::1 - - [09/Apr/2024:14:49:13 +0000] "POST /api/v1/auth/login HTTP/1.1" 200 30 "-" "PostmanRuntime/7.37.3"
::1 - - [09/Apr/2024:14:49:19 +0000] "GET /api/v1/users/ HTTP/1.1" 200 1587 "-" "PostmanRuntime/7.37.3"
::1 - - [09/Apr/2024:14:49:23 +0000] "GET /api/v1/users/65ef50b1a12f5dc3300a07b4 HTTP/1.1" 200 104 "-" "PostmanRuntime/7.37.3"
::1 - - [09/Apr/2024:14:49:27 +0000] "GET /api/v1/users/show-user HTTP/1.1" 200 141 "-" "PostmanRuntime/7.37.3"
::1 - - [09/Apr/2024:14:49:36 +0000] "PATCH /api/v1/users/update-user HTTP/1.1" 200 25 "-" "PostmanRuntime/7.37.3"
::1 - - [09/Apr/2024:14:50:38 +0000] "PATCH /api/v1/users/update-user HTTP/1.1" 200 25 "-" "PostmanRuntime/7.37.3"
::1 - - [09/Apr/2024:14:51:04 +0000] "PATCH /api/v1/users/update-user HTTP/1.1" 200 25 "-" "PostmanRuntime/7.37.3"
::1 - - [09/Apr/2024:14:51:25 +0000] "PATCH /api/v1/users/update-user HTTP/1.1" 200 25 "-" "PostmanRuntime/7.37.3"
::1 - - [09/Apr/2024:14:51:54 +0000] "PATCH /api/v1/users/update-user HTTP/1.1" 404 20 "-" "PostmanRuntime/7.37.3"
::1 - - [09/Apr/2024:14:55:15 +0000] "PATCH /api/v1/users/update-user HTTP/1.1" 200 39 "-" "PostmanRuntime/7.37.3"
::1 - - [09/Apr/2024:14:55:40 +0000] "PATCH /api/v1/users/update-user HTTP/1.1" 404 20 "-" "PostmanRuntime/7.37.3"
::1 - - [09/Apr/2024:14:55:42 +0000] "PATCH /api/v1/users/update-user HTTP/1.1" 404 20 "-" "PostmanRuntime/7.37.3"
::1 - - [09/Apr/2024:14:56:25 +0000] "PATCH /api/v1/users/update-user HTTP/1.1" 404 20 "-" "PostmanRuntime/7.37.3"
::1 - - [09/Apr/2024:14:57:09 +0000] "PATCH /api/v1/users/update-user HTTP/1.1" 404 20 "-" "PostmanRuntime/7.37.3"
::1 - - [09/Apr/2024:14:57:14 +0000] "PATCH /api/v1/users/update-user HTTP/1.1" 200 39 "-" "PostmanRuntime/7.37.3"
::1 - - [09/Apr/2024:14:57:28 +0000] "PATCH /api/v1/users/update-password HTTP/1.1" 404 20 "-" "PostmanRuntime/7.37.3"
::1 - - [09/Apr/2024:14:57:30 +0000] "PATCH /api/v1/users/update-password HTTP/1.1" 404 20 "-" "PostmanRuntime/7.37.3"
::1 - - [09/Apr/2024:14:57:53 +0000] "PATCH /api/v1/users/update-password HTTP/1.1" 401 22 "-" "PostmanRuntime/7.37.3"
::1 - - [09/Apr/2024:14:57:59 +0000] "PATCH /api/v1/users/update-password HTTP/1.1" 401 22 "-" "PostmanRuntime/7.37.3"
::1 - - [09/Apr/2024:14:58:11 +0000] "PATCH /api/v1/users/update-password HTTP/1.1" 200 43 "-" "PostmanRuntime/7.37.3"
::1 - - [09/Apr/2024:14:58:20 +0000] "POST /api/v1/products/ HTTP/1.1" 201 834 "-" "PostmanRuntime/7.37.3"
::1 - - [09/Apr/2024:14:58:28 +0000] "POST /api/v1/products/upload-image HTTP/1.1" 400 26 "-" "PostmanRuntime/7.37.3"
::1 - - [09/Apr/2024:14:59:03 +0000] "POST /api/v1/products/upload-image HTTP/1.1" 500 66 "-" "PostmanRuntime/7.37.3"
::1 - - [09/Apr/2024:14:59:15 +0000] "POST /api/v1/products/upload-image HTTP/1.1" 500 66 "-" "PostmanRuntime/7.37.3"
::1 - - [09/Apr/2024:14:59:18 +0000] "POST /api/v1/products/upload-image HTTP/1.1" 500 66 "-" "PostmanRuntime/7.37.3"
::1 - - [09/Apr/2024:14:59:32 +0000] "POST /api/v1/products/upload-image HTTP/1.1" 500 66 "-" "PostmanRuntime/7.37.3"
::1 - - [09/Apr/2024:14:59:46 +0000] "POST /api/v1/products/upload-image HTTP/1.1" 200 44 "-" "PostmanRuntime/7.37.3"
::1 - - [09/Apr/2024:14:59:51 +0000] "GET /api/v1/products/ HTTP/1.1" 200 4155 "-" "PostmanRuntime/7.37.3"
::1 - - [09/Apr/2024:14:59:58 +0000] "GET /api/v1/products/62bd52a51313f7854316cc54 HTTP/1.1" 404 60 "-" "PostmanRuntime/7.37.3"
::1 - - [09/Apr/2024:15:00:13 +0000] "GET /api/v1/products/66140a0ddd4446ce64c77ac1 HTTP/1.1" 200 1161 "-" "PostmanRuntime/7.37.3"
::1 - - [09/Apr/2024:15:00:28 +0000] "GET /api/v1/products/62bd52a51313f7854316cc54/reviews HTTP/1.1" 200 24 "-" "PostmanRuntime/7.37.3"
::1 - - [09/Apr/2024:15:00:34 +0000] "PATCH /api/v1/products/62ba77a414238ec25b9fab9b HTTP/1.1" 404 27 "-" "PostmanRuntime/7.37.3"
::1 - - [09/Apr/2024:15:01:03 +0000] "PATCH /api/v1/products/62ba77a414238ec25b9fab9b HTTP/1.1" 404 27 "-" "PostmanRuntime/7.37.3"
::1 - - [09/Apr/2024:15:01:09 +0000] "GET /api/v1/products/ HTTP/1.1" 200 4155 "-" "PostmanRuntime/7.37.3"
::1 - - [09/Apr/2024:15:01:26 +0000] "GET /api/v1/products/6615578c24e8927225e459d4 HTTP/1.1" 200 864 "-" "PostmanRuntime/7.37.3"
::1 - - [09/Apr/2024:15:01:32 +0000] "GET /api/v1/products/6615578c24e8927225e459d4/reviews HTTP/1.1" 200 24 "-" "PostmanRuntime/7.37.3"
::1 - - [09/Apr/2024:15:01:39 +0000] "GET /api/v1/reviews/ HTTP/1.1" 200 1725 "-" "PostmanRuntime/7.37.3"
::1 - - [09/Apr/2024:15:01:56 +0000] "GET /api/v1/products/661438e39284a2b5a9865a53/reviews HTTP/1.1" 200 24 "-" "PostmanRuntime/7.37.3"
::1 - - [09/Apr/2024:15:02:10 +0000] "GET /api/v1/reviews/ HTTP/1.1" 200 1725 "-" "PostmanRuntime/7.37.3"
::1 - - [09/Apr/2024:15:02:24 +0000] "GET /api/v1/products/66140a0ddd4446ce64c77ac1 HTTP/1.1" 200 1161 "-" "PostmanRuntime/7.37.3"
::1 - - [09/Apr/2024:15:02:31 +0000] "GET /api/v1/products/66140a0ddd4446ce64c77ac1/reviews HTTP/1.1" 200 1725 "-" "PostmanRuntime/7.37.3"
::1 - - [09/Apr/2024:15:02:47 +0000] "PATCH /api/v1/products/66140a0ddd4446ce64c77ac1 HTTP/1.1" 500 144 "-" "PostmanRuntime/7.37.3"
::1 - - [09/Apr/2024:15:03:14 +0000] "PATCH /api/v1/products/66140a0ddd4446ce64c77ac1 HTTP/1.1" 200 875 "-" "PostmanRuntime/7.37.3"
::1 - - [09/Apr/2024:15:03:20 +0000] "PATCH /api/v1/products/66140a0ddd4446ce64c77ac1 HTTP/1.1" 200 875 "-" "PostmanRuntime/7.37.3"
::1 - - [09/Apr/2024:15:03:33 +0000] "PATCH /api/v1/products/admin-populate-products HTTP/1.1" 404 51 "-" "PostmanRuntime/7.37.3"
::1 - - [09/Apr/2024:15:03:49 +0000] "POST /api/v1/products/ HTTP/1.1" 201 834 "-" "PostmanRuntime/7.37.3"
::1 - - [09/Apr/2024:15:04:08 +0000] "DELETE /api/v1/products/661558d524e8927225e45a00 HTTP/1.1" 200 42 "-" "PostmanRuntime/7.37.3"
::1 - - [09/Apr/2024:15:04:30 +0000] "POST /api/v1/reviews/ HTTP/1.1" 400 89 "-" "PostmanRuntime/7.37.3"
::1 - - [09/Apr/2024:15:04:40 +0000] "GET /api/v1/reviews/ HTTP/1.1" 200 1731 "-" "PostmanRuntime/7.37.3"
::1 - - [09/Apr/2024:15:04:45 +0000] "GET /api/v1/reviews/65fb5f12e335a05ad3f6323b HTTP/1.1" 400 53 "-" "PostmanRuntime/7.37.3"
::1 - - [09/Apr/2024:15:04:58 +0000] "PATCH /api/v1/reviews/6601de6971ebf5c80f3c8d7b HTTP/1.1" 404 24 "-" "PostmanRuntime/7.37.3"
::1 - - [09/Apr/2024:15:05:11 +0000] "GET /api/v1/orders HTTP/1.1" 200 4705 "-" "PostmanRuntime/7.37.3"
::1 - - [09/Apr/2024:15:05:17 +0000] "GET /api/v1/orders/62bda2bfca53a8d26cc85d8c HTTP/1.1" 200 545 "-" "PostmanRuntime/7.37.3"
::1 - - [09/Apr/2024:15:05:21 +0000] "GET /api/v1/orders/showAllMyOrders HTTP/1.1" 200 1746 "-" "PostmanRuntime/7.37.3"
::1 - - [09/Apr/2024:15:05:30 +0000] "POST /api/v1/orders HTTP/1.1" 201 784 "-" "PostmanRuntime/7.37.3"
::1 - - [09/Apr/2024:15:05:38 +0000] "DELETE /api/v1/orders/123 HTTP/1.1" 404 20 "-" "PostmanRuntime/7.37.3"
::1 - - [09/Apr/2024:15:05:46 +0000] "PATCH /api/v1/orders/62bda2bfca53a8d26cc85d8c HTTP/1.1" 200 502 "-" "PostmanRuntime/7.37.3"
::1 - - [09/Apr/2024:15:05:56 +0000] "GET /api/v1/ HTTP/1.1" 404 20 "-" "PostmanRuntime/7.37.3"
::1 - - [09/Apr/2024:15:06:06 +0000] "GET /api/v1/ HTTP/1.1" 404 20 "-" "PostmanRuntime/7.37.3"
::1 - - [09/Apr/2024:15:06:10 +0000] "GET /api/v1/ HTTP/1.1" 200 25 "-" "PostmanRuntime/7.37.3"
::1 - - [09/Apr/2024:15:06:11 +0000] "GET /api/v1/ HTTP/1.1" 200 25 "-" "PostmanRuntime/7.37.3"
::ffff:127.0.0.1 - - [09/Apr/2024:15:13:57 +0000] "GET / HTTP/1.1" 200 287329 "-" "Mozilla/5.0 (X11; Linux x86_64; rv:109.0) Gecko/20100101 Firefox/115.0"
::ffff:127.0.0.1 - - [09/Apr/2024:15:50:05 +0000] "GET / HTTP/1.1" 200 26667 "-" "Mozilla/5.0 (X11; Linux x86_64; rv:109.0) Gecko/20100101 Firefox/115.0"
::ffff:127.0.0.1 - - [09/Apr/2024:15:50:06 +0000] "GET /style.css HTTP/1.1" 200 121456 "-" "Mozilla/5.0 (X11; Linux x86_64; rv:109.0) Gecko/20100101 Firefox/115.0"
::ffff:127.0.0.1 - - [09/Apr/2024:15:50:06 +0000] "GET /app.js HTTP/1.1" 200 160755 "-" "Mozilla/5.0 (X11; Linux x86_64; rv:109.0) Gecko/20100101 Firefox/115.0"
::ffff:127.0.0.1 - - [09/Apr/2024:15:50:06 +0000] "GET /favicon.ico HTTP/1.1" 404 20 "-" "Mozilla/5.0 (X11; Linux x86_64; rv:109.0) Gecko/20100101 Firefox/115.0"
127.0.0.1 - - [09/Apr/2024:22:16:17 +0000] "GET /api/v1/users/showMe HTTP/1.1" 401 26 "http://localhost:3000/" "Mozilla/5.0 (X11; Linux x86_64; rv:109.0) Gecko/20100101 Firefox/115.0"
127.0.0.1 - - [09/Apr/2024:22:16:17 +0000] "GET /api/v1/users/showMe HTTP/1.1" 401 26 "http://localhost:3000/" "Mozilla/5.0 (X11; Linux x86_64; rv:109.0) Gecko/20100101 Firefox/115.0"
::1 - - [09/Apr/2024:22:51:06 +0000] "POST /api/v1/auth/register HTTP/1.1" 201 97 "-" "PostmanRuntime/7.37.3"
::1 - - [09/Apr/2024:23:08:56 +0000] "POST /api/v1/auth/login HTTP/1.1" 401 22 "-" "PostmanRuntime/7.37.3"
::1 - - [09/Apr/2024:23:09:01 +0000] "POST /api/v1/auth/login HTTP/1.1" 401 64 "-" "PostmanRuntime/7.37.3"
::1 - - [09/Apr/2024:23:17:01 +0000] "POST /api/v1/auth/login HTTP/1.1" 401 22 "-" "PostmanRuntime/7.37.3"
::1 - - [09/Apr/2024:23:17:13 +0000] "POST /api/v1/auth/register HTTP/1.1" 201 152 "-" "PostmanRuntime/7.37.3"
::1 - - [10/Apr/2024:09:57:26 +0000] "POST /api/v1/auth/verify-email HTTP/1.1" 200 25 "-" "PostmanRuntime/7.37.3"
::1 - - [10/Apr/2024:09:57:55 +0000] "POST /api/v1/auth/verify-email HTTP/1.1" 200 25 "-" "PostmanRuntime/7.37.3"
::1 - - [10/Apr/2024:09:57:56 +0000] "POST /api/v1/auth/verify-email HTTP/1.1" 200 25 "-" "PostmanRuntime/7.37.3"
::1 - - [10/Apr/2024:09:57:57 +0000] "POST /api/v1/auth/verify-email HTTP/1.1" 200 25 "-" "PostmanRuntime/7.37.3"
::1 - - [10/Apr/2024:09:58:21 +0000] "POST /api/v1/auth/verify-email HTTP/1.1" 200 25 "-" "PostmanRuntime/7.37.3"
::1 - - [10/Apr/2024:09:58:28 +0000] "POST /api/v1/auth/verify-email HTTP/1.1" 200 25 "-" "PostmanRuntime/7.37.3"
::1 - - [10/Apr/2024:09:58:45 +0000] "POST /api/v1/auth/verify-email HTTP/1.1" 200 25 "-" "PostmanRuntime/7.37.3"
::1 - - [10/Apr/2024:09:58:49 +0000] "POST /api/v1/auth/verify-email HTTP/1.1" 404 20 "-" "PostmanRuntime/7.37.3"
::1 - - [10/Apr/2024:10:05:21 +0000] "POST /api/v1/auth/verify-email HTTP/1.1" 404 20 "-" "PostmanRuntime/7.37.3"
::1 - - [10/Apr/2024:10:06:13 +0000] "POST /api/v1/auth/verify-email HTTP/1.1" 200 46 "-" "PostmanRuntime/7.37.3"
::1 - - [10/Apr/2024:10:58:59 +0000] "POST /api/v1/auth/verify-email HTTP/1.1" 401 22 "-" "PostmanRuntime/7.37.3"
::1 - - [10/Apr/2024:11:08:31 +0000] "POST /api/v1/auth/verify-email HTTP/1.1" 200 50 "-" "PostmanRuntime/7.37.3"
::1 - - [10/Apr/2024:11:09:37 +0000] "POST /api/v1/auth/login HTTP/1.1" 200 30 "-" "PostmanRuntime/7.37.3"
::1 - - [10/Apr/2024:11:10:40 +0000] "POST /api/v1/auth/register HTTP/1.1" 201 152 "-" "PostmanRuntime/7.37.3"
::1 - - [10/Apr/2024:11:12:09 +0000] "POST /api/v1/auth/login HTTP/1.1" 401 64 "-" "PostmanRuntime/7.37.3"
::1 - - [10/Apr/2024:13:34:38 +0000] "POST /api/v1/auth/register HTTP/1.1" 201 65 "-" "PostmanRuntime/7.37.3"
::1 - - [10/Apr/2024:16:04:34 +0000] "POST /api/v1/auth/register HTTP/1.1" 201 65 "-" "PostmanRuntime/7.37.3"
::1 - - [10/Apr/2024:16:04:47 +0000] "POST /api/v1/auth/register HTTP/1.1" 400 68 "-" "PostmanRuntime/7.37.3"
127.0.0.1 - - [10/Apr/2024:16:11:02 +0000] "GET /api/v1/users/showMe HTTP/1.1" 401 26 "http://localhost:3000/" "Mozilla/5.0 (X11; Linux x86_64; rv:109.0) Gecko/20100101 Firefox/115.0"
127.0.0.1 - - [10/Apr/2024:16:11:02 +0000] "GET /api/v1/users/showMe HTTP/1.1" 401 26 "http://localhost:3000/" "Mozilla/5.0 (X11; Linux x86_64; rv:109.0) Gecko/20100101 Firefox/115.0"
::1 - - [10/Apr/2024:16:11:47 +0000] "POST /api/v1/auth/register HTTP/1.1" 400 69 "-" "PostmanRuntime/7.37.3"
127.0.0.1 - - [10/Apr/2024:16:12:06 +0000] "POST /api/v1/auth/login HTTP/1.1" 401 64 "http://localhost:3000/login" "Mozilla/5.0 (X11; Linux x86_64; rv:109.0) Gecko/20100101 Firefox/115.0"
127.0.0.1 - - [10/Apr/2024:16:15:13 +0000] "POST /api/v1/auth/register HTTP/1.1" 201 65 "http://localhost:3000/register" "Mozilla/5.0 (X11; Linux x86_64; rv:109.0) Gecko/20100101 Firefox/115.0"
